2021-02-09 14:32:42,998 [ 1] INFO  Unity: LoadingManager start
2021-02-09 14:32:46,315 [ 1] INFO  Unity: DataManager > DataManager()
2021-02-09 14:32:47,481 [ 1] INFO  Unity: ConnectToServer() Start
2021-02-09 14:32:47,488 [ 1] INFO  Unity: DoConnect
2021-02-09 14:32:47,494 [ 1] INFO  Unity: NetClient.DoConnect on 127.0.0.1:8000
2021-02-09 14:32:47,500 [ 1] INFO  Unity: Connect[0] to server 127.0.0.1:8000

2021-02-09 14:32:47,507 [ 1] INFO  Unity: LoadingMessager::OnGameServerConnect :0 reason:Success
2021-02-09 14:32:49,548 [ 1] INFO  Unity: UserRegisterRequest::user :asd psw:123
2021-02-09 14:32:53,081 [ 1] INFO  Unity: OnUserLogin:Success [None]
2021-02-09 14:32:53,084 [ 1] INFO  Unity: LoadLevel: CharSelect
2021-02-09 14:32:53,341 [ 1] INFO  Unity: LevelLoadCompleted:1
2021-02-09 14:32:54,433 [ 1] INFO  Unity: Select Char:[1]璋忒做做[Archer]
2021-02-09 14:32:55,134 [ 1] INFO  Unity: characterIdx:0
2021-02-09 14:32:55,184 [ 1] INFO  Unity: OnGameEnter:Success [None]
2021-02-09 14:32:55,205 [ 1] INFO  Unity: OnMapCharacterEnter: 1
2021-02-09 14:32:55,207 [ 1] INFO  Unity: LoadLevel: MainCity
2021-02-09 14:32:55,208 [ 1] INFO  Unity: OnMapCharacterEnter:Map:1 Count:1
2021-02-09 14:32:55,211 [ 1] INFO  Unity: AddCharacter:1:璋忒做做 Map:1 Entity:(0:pos:(5000,4500,820),dir:(100,0,0),spd:0
2021-02-09 14:32:55,214 [ 1] INFO  Unity: LoadLevel: MainCity
2021-02-09 14:32:55,789 [ 1] INFO  Unity: Archer OnDestroy :ID:0 POS:(0, 0, 0) DIR:(0, 100, 0) SPD:0 
2021-02-09 14:32:55,790 [ 1] INFO  Unity: Wizard OnDestroy :ID:0 POS:(0, 0, 0) DIR:(0, 100, 0) SPD:0 
2021-02-09 14:32:55,937 [ 1] INFO  Unity: LevelLoadCompleted:1
2021-02-09 14:32:56,497 [ 1] INFO  Unity: Archer OnDestroy :ID:0 POS:(0, 0, 0) DIR:(0, 100, 0) SPD:0 
2021-02-09 14:32:56,502 [ 1] INFO  Unity: Character_1_璋忒做做 OnDestroy :ID:0 POS:(5000, 4500, 820) DIR:(100, 0, 0) SPD:0 
2021-02-09 14:32:56,636 [ 1] INFO  Unity: LevelLoadCompleted:1
2021-02-09 14:32:57,594 [ 1] INFO  Unity: SetDirection:(98, -18, 0)
2021-02-09 14:32:57,692 [ 1] INFO  Unity: SetDirection:(93, -35, 0)
2021-02-09 14:32:57,775 [ 1] INFO  Unity: SetDirection:(86, -51, 0)
2021-02-09 14:32:57,869 [ 1] INFO  Unity: SetDirection:(76, -65, 0)
2021-02-09 14:32:57,969 [ 1] INFO  Unity: SetDirection:(63, -77, 0)
2021-02-09 14:32:58,014 [ 1] INFO  Unity: MoveForward
2021-02-09 14:32:58,016 [ 1] INFO  Unity: MoveForward
2021-02-09 14:32:58,474 [ 1] INFO  Unity: SetDirection:(76, -65, 0)
2021-02-09 14:32:58,557 [ 1] INFO  Unity: SetDirection:(86, -50, 0)
2021-02-09 14:32:58,653 [ 1] INFO  Unity: SetDirection:(95, -31, 0)
2021-02-09 14:32:58,753 [ 1] INFO  Unity: SetDirection:(99, -11, 0)
2021-02-09 14:32:58,835 [ 1] INFO  Unity: SetDirection:(100, 7, 0)
2021-02-09 14:32:58,928 [ 1] INFO  Unity: SetDirection:(96, 27, 0)
2021-02-09 14:32:59,010 [ 1] INFO  Unity: SetDirection:(90, 44, 0)
2021-02-09 14:32:59,124 [ 1] INFO  Unity: SetDirection:(79, 61, 0)
2021-02-09 14:32:59,206 [ 1] INFO  Unity: SetDirection:(67, 74, 0)
2021-02-09 14:32:59,306 [ 1] INFO  Unity: SetDirection:(50, 86, 0)
2021-02-09 14:32:59,407 [ 1] INFO  Unity: SetDirection:(31, 95, 0)
2021-02-09 14:32:59,504 [ 1] INFO  Unity: SetDirection:(12, 99, 0)
2021-02-09 14:32:59,636 [ 1] INFO  Unity: SetDirection:(-6, 100, 0)
2021-02-09 14:33:00,446 [ 1] INFO  Unity: SetDirection:(-24, 97, 0)
2021-02-09 14:33:00,609 [ 1] INFO  Unity: SetDirection:(-41, 91, 0)
2021-02-09 14:33:01,280 [ 1] INFO  Unity: SetDirection:(-24, 97, 0)
2021-02-09 14:33:01,359 [ 1] INFO  Unity: Stop
2021-02-09 14:33:01,360 [ 1] INFO  Unity: Stop
2021-02-09 14:33:01,393 [ 1] INFO  Unity: SetDirection:(-5, 100, 0)
2021-02-09 14:33:01,492 [ 1] INFO  Unity: SetDirection:(16, 99, 0)
2021-02-09 14:33:01,585 [ 1] INFO  Unity: SetDirection:(36, 93, 0)
2021-02-09 14:33:01,684 [ 1] INFO  Unity: SetDirection:(55, 84, 0)
2021-02-09 14:33:01,791 [ 1] INFO  Unity: SetDirection:(71, 71, 0)
2021-02-09 14:33:01,874 [ 1] INFO  Unity: SetDirection:(82, 57, 0)
2021-02-09 14:33:01,988 [ 1] INFO  Unity: SetDirection:(92, 39, 0)
2021-02-09 14:33:02,054 [ 1] INFO  Unity: SetDirection:(97, 22, 0)
2021-02-09 14:33:02,154 [ 1] INFO  Unity: SetDirection:(100, 2, 0)
2021-02-09 14:33:02,244 [ 1] INFO  Unity: SetDirection:(99, -16, 0)
2021-02-09 14:33:02,342 [ 1] INFO  Unity: SetDirection:(93, -36, 0)
2021-02-09 14:33:02,440 [ 1] INFO  Unity: SetDirection:(84, -55, 0)
2021-02-09 14:33:02,540 [ 1] INFO  Unity: SetDirection:(72, -69, 0)
2021-02-09 14:33:02,700 [ 1] INFO  Unity: MoveForward
2021-02-09 14:33:02,701 [ 1] INFO  Unity: MoveForward
2021-02-09 14:33:03,107 [ 1] INFO  Unity: SetPosition:(5321, 4894, 850)
2021-02-09 14:33:03,939 [ 1] INFO  Unity: SetDirection:(59, -81, 0)
2021-02-09 14:33:04,131 [ 1] INFO  Unity: SetDirection:(42, -91, 0)
2021-02-09 14:33:04,231 [ 1] INFO  Unity: SetDirection:(23, -97, 0)
2021-02-09 14:33:04,310 [ 1] INFO  Unity: SetDirection:(6, -100, 0)
2021-02-09 14:33:04,394 [ 1] INFO  Unity: SetDirection:(-12, -99, 0)
2021-02-09 14:33:04,509 [ 1] INFO  Unity: SetDirection:(-31, -95, 0)
2021-02-09 14:33:04,643 [ 1] INFO  Unity: SetDirection:(-48, -88, 0)
2021-02-09 14:33:05,520 [ 1] INFO  Unity: SetPosition:(5411, 4298, 850)
2021-02-09 14:33:06,156 [ 1] INFO  Unity: SetDirection:(-31, -95, 0)
2021-02-09 14:33:06,255 [ 1] INFO  Unity: SetDirection:(-12, -99, 0)
2021-02-09 14:33:06,289 [ 1] INFO  Unity: Stop
2021-02-09 14:33:06,290 [ 1] INFO  Unity: Stop
2021-02-09 14:33:06,330 [ 1] INFO  Unity: SetDirection:(6, -100, 0)
2021-02-09 14:33:06,425 [ 1] INFO  Unity: SetDirection:(26, -96, 0)
2021-02-09 14:33:06,509 [ 1] INFO  Unity: SetDirection:(43, -90, 0)
2021-02-09 14:33:06,615 [ 1] INFO  Unity: SetDirection:(61, -80, 0)
2021-02-09 14:33:06,715 [ 1] INFO  Unity: SetDirection:(76, -65, 0)
2021-02-09 14:33:06,813 [ 1] INFO  Unity: SetDirection:(88, -48, 0)
2021-02-09 14:33:06,912 [ 1] INFO  Unity: SetDirection:(96, -29, 0)
2021-02-09 14:33:07,009 [ 1] INFO  Unity: SetDirection:(99, -12, 0)
2021-02-09 14:33:07,043 [ 1] INFO  Unity: MoveForward
2021-02-09 14:33:07,044 [ 1] INFO  Unity: MoveForward
2021-02-09 14:33:07,076 [ 1] INFO  Unity: SetDirection:(100, 6, 0)
2021-02-09 14:33:07,191 [ 1] INFO  Unity: SetDirection:(96, 26, 0)
2021-02-09 14:33:07,284 [ 1] INFO  Unity: SetDirection:(90, 44, 0)
2021-02-09 14:33:07,443 [ 1] INFO  Unity: SetDirection:(81, 59, 0)
2021-02-09 14:33:07,651 [ 1] INFO  Unity: SetDirection:(69, 73, 0)
2021-02-09 14:33:08,223 [ 1] INFO  Unity: SetDirection:(55, 84, 0)
2021-02-09 14:33:08,365 [ 1] INFO  Unity: SetDirection:(39, 92, 0)
2021-02-09 14:33:09,453 [ 1] INFO  Unity: SetDirection:(22, 98, 0)
2021-02-09 14:33:09,612 [ 1] INFO  Unity: SetDirection:(2, 100, 0)
2021-02-09 14:33:09,716 [ 1] INFO  Unity: SetDirection:(-18, 98, 0)
2021-02-09 14:33:09,800 [ 1] INFO  Unity: SetDirection:(-38, 93, 0)
2021-02-09 14:33:09,908 [ 1] INFO  Unity: SetDirection:(-55, 83, 0)
2021-02-09 14:33:10,052 [ 1] INFO  Unity: SetDirection:(-69, 72, 0)
2021-02-09 14:33:10,437 [ 1] INFO  Unity: SetPosition:(5635, 4877, 850)
2021-02-09 14:33:11,831 [ 1] INFO  Unity: SetPosition:(5348, 5176, 850)
2021-02-09 14:33:13,231 [ 1] INFO  Unity: SetPosition:(5058, 5479, 850)
2021-02-09 14:33:14,134 [ 1] INFO  Unity: Stop
2021-02-09 14:33:14,135 [ 1] INFO  Unity: Stop
2021-02-09 14:33:15,612 [ 1] INFO  Unity: Archer OnDestroy :ID:0 POS:(0, 4195, 0) DIR:(0, 100, 0) SPD:0 
2021-02-09 14:33:15,613 [ 1] INFO  Unity: Character_1_璋忒做做 OnDestroy :ID:0 POS:(4896, 5695, 850) DIR:(-69, 72, 0) SPD:0 
2021-02-09 14:33:15,616 [ 1] INFO  Unity: OnDestroy NetworkManager.
2021-02-09 14:33:15,618 [ 1] WARN  Unity: CloseConnection(), errorCode: 1007
UnityEngine.Debug:LogWarning(Object)
Network.NetClient:CloseConnection(Int32) (at Assets/Scripts/Network/NetClient.cs:180)
Network.NetClient:OnDestroy() (at Assets/Scripts/Network/NetClient.cs:175)

